<?xml version="1.0" encoding="UTF-8"?>
<!-- Generated by org.testng.reporters.JUnitReportReporter -->
<testsuite skipped="0" hostname="DESKTOP-4L4F65Q" name="testNg.TC001_HMS_Login_Logout" tests="1" failures="0" timestamp="2022-09-06T15:27:02 IST" time="10.172" errors="0">
  <testcase name="hmsloginlogout" time="10.172" classname="testNg.TC001_HMS_Login_Logout"/>
  <system-out/>
</testsuite> <!-- testNg.TC001_HMS_Login_Logout -->
