<?xml version="1.0" encoding="UTF-8"?>
<!-- Generated by org.testng.reporters.JUnitReportReporter -->
<testsuite skipped="0" hostname="DESKTOP-4L4F65Q" name="testNg.Capturescreenshot" tests="1" failures="0" timestamp="2022-09-19T15:22:51 IST" time="5.975" errors="0">
  <testcase name="ddtimeshot1" time="5.975" classname="testNg.Capturescreenshot"/>
  <system-out/>
</testsuite> <!-- testNg.Capturescreenshot -->
