<?xml version="1.0" encoding="UTF-8"?>
<!-- Generated by org.testng.reporters.JUnitReportReporter -->
<testsuite skipped="0" hostname="DESKTOP-4L4F65Q" name="testNg.Excelrowandcolumndata" tests="1" failures="0" timestamp="2022-09-16T22:58:36 IST" time="0.547" errors="0">
  <testcase name="f" time="0.547" classname="testNg.Excelrowandcolumndata"/>
  <system-out/>
</testsuite> <!-- testNg.Excelrowandcolumndata -->
