<?xml version="1.0" encoding="UTF-8"?>
<!-- Generated by org.testng.reporters.JUnitReportReporter -->
<testsuite skipped="0" hostname="DESKTOP-4L4F65Q" name="testNg.Customer_Registration" tests="1" failures="0" timestamp="2022-10-20T17:05:27 IST" time="0.137" errors="0">
  <testcase name="f" time="0.137" classname="testNg.Customer_Registration"/>
  <system-out/>
</testsuite> <!-- testNg.Customer_Registration -->
