<?xml version="1.0" encoding="UTF-8"?>
<!-- Generated by org.testng.reporters.JUnitReportReporter -->
<testsuite skipped="0" hostname="DESKTOP-4L4F65Q" name="testNg.Readcolumndatafromexcelfile" tests="1" failures="0" timestamp="2022-09-16T12:25:37 IST" time="0.515" errors="0">
  <testcase name="f" time="0.515" classname="testNg.Readcolumndatafromexcelfile"/>
  <system-out/>
</testsuite> <!-- testNg.Readcolumndatafromexcelfile -->
