<?xml version="1.0" encoding="UTF-8"?>
<!-- Generated by org.testng.reporters.JUnitReportReporter -->
<testsuite skipped="0" hostname="DESKTOP-4L4F65Q" name="testNg.WriteDataByIndex" tests="1" failures="0" timestamp="2022-09-17T11:37:11 IST" time="5.119" errors="0">
  <testcase name="f" time="5.119" classname="testNg.WriteDataByIndex"/>
  <system-out/>
</testsuite> <!-- testNg.WriteDataByIndex -->
