<?xml version="1.0" encoding="UTF-8"?>
<!-- Generated by org.testng.reporters.JUnitReportReporter -->
<testsuite skipped="0" hostname="DESKTOP-4L4F65Q" name="testNg.Readdatafromexcelfile" tests="1" failures="0" timestamp="2022-09-15T13:23:19 IST" time="2.392" errors="0">
  <testcase name="f" time="2.392" classname="testNg.Readdatafromexcelfile"/>
  <system-out/>
</testsuite> <!-- testNg.Readdatafromexcelfile -->
