<?xml version="1.0" encoding="UTF-8"?>
<!-- Generated by org.testng.reporters.JUnitReportReporter -->
<testsuite skipped="0" hostname="DESKTOP-4L4F65Q" name="testNg.readdatafromexcel" tests="1" failures="0" timestamp="2022-09-16T10:29:11 IST" time="0.420" errors="0">
  <testcase name="f" time="0.420" classname="testNg.readdatafromexcel"/>
  <system-out/>
</testsuite> <!-- testNg.readdatafromexcel -->
